2023-06-13 20:20:07 	[31mERROR[0m	utils/middleware.go:23	è·å– token å¤±è´¥
2023-06-13 20:20:33 	[31mERROR[0m	utils/middleware.go:23	è·å– token å¤±è´¥
2023-06-13 22:22:05 	[31mERROR[0m	utils/middleware.go:23	è·å– token å¤±è´¥
2023-06-13 22:22:18 	[31mERROR[0m	word/label.go:108	è¯·æ±‚ä¸åˆæ³•:EOF,è¯·æ±‚çš„å‚æ•°:{WordList:[]}
2023-06-13 22:22:38 	[31mERROR[0m	word/label.go:108	è¯·æ±‚ä¸åˆæ³•:EOF,è¯·æ±‚çš„å‚æ•°:{WordList:[]}
2023-06-14 10:32:11 	[31mERROR[0m	utils/middleware.go:23	è·å– token å¤±è´¥
2023-06-15 16:13:19 	[31mERROR[0m	word/label.go:337	æ–‡ä»¶ä¸Šä¼ å¤±è´¥:http: no such file
2023-06-15 16:13:39 	[31mERROR[0m	word/label.go:398	è·å–æ•°æ®å¤±è´¥ï¼šè·å–æ•°æ®å¤±è´¥ sheet Sheet1 does not exist
2023-06-15 16:38:01 	[31mERROR[0m	word/label.go:412	æ•°æ®ä¸åˆæ³•ï¼šæ•°æ®ä¸åˆæ³• %!s(<nil>)
2023-06-15 16:39:50 	[31mERROR[0m	word/label.go:404	è·å–æ•°æ®å¤±è´¥ï¼šè·å–æ•°æ®å¤±è´¥ sheet å¯¼å‡ºæ•°æ® does not exist
2023-06-16 20:48:17 	[31mERROR[0m	word/label.go:320	å†…éƒ¨æœåŠ¡å™¨é”™è¯¯%!(EXTRA *json.SyntaxError=unexpected end of JSON input)
2023-06-16 20:49:26 	[31mERROR[0m	word/label.go:332	æ•°æ®åº“æ›´æ–°å¤±è´¥%!(EXTRA *mysql.MySQLError=Error 1054 (42S22): Unknown column 'basicVocabulary' in 'field list')
2023-06-17 20:19:08 	[31mERROR[0m	word/label.go:542	æ–‡ä»¶æ‰“å¼€å¤±è´¥ï¼šæ–‡ä»¶æ‰“å¼€å¤±è´¥ zip: not a valid zip file
2023-06-17 20:21:44 	[31mERROR[0m	word/label.go:542	æ–‡ä»¶æ‰“å¼€å¤±è´¥ï¼šæ–‡ä»¶æ‰“å¼€å¤±è´¥ zip: not a valid zip file
2023-06-17 20:34:04 	[31mERROR[0m	word/label.go:567	æ•°æ®ä¸åˆæ³•ï¼šæ•°æ®ä¸åˆæ³• %!s(<nil>)
2023-06-17 20:35:00 	[31mERROR[0m	word/label.go:567	æ•°æ®ä¸åˆæ³•ï¼šæ•°æ®ä¸åˆæ³• %!s(<nil>)
2023-06-17 20:35:43 	[31mERROR[0m	word/label.go:567	æ•°æ®ä¸åˆæ³•ï¼šæ•°æ®ä¸åˆæ³• %!s(<nil>)
2023-06-17 20:36:27 	[31mERROR[0m	word/label.go:567	æ•°æ®ä¸åˆæ³•ï¼šæ•°æ®ä¸åˆæ³• %!s(<nil>)
2023-06-17 21:38:38 	[31mERROR[0m	word/label.go:288	å‚æ•°å¤ªå°‘ï¼Œè¯·æ±‚ä¸åˆæ³•:%!s(<nil>),è¯·æ±‚çš„å‚æ•°å¤ªå°‘å•¦:{WordList:[]}
2023-06-17 21:50:56 	[31mERROR[0m	word/label.go:288	å‚æ•°å¤ªå°‘ï¼Œè¯·æ±‚ä¸åˆæ³•:%!s(<nil>),è¯·æ±‚çš„å‚æ•°å¤ªå°‘å•¦:{WordList:[]}
2023-06-17 22:47:39 	[31mERROR[0m	utils/middleware.go:23	è·å– token å¤±è´¥
2023-06-19 22:09:47 	[31mERROR[0m	word/label.go:288	å‚æ•°å¤ªå°‘ï¼Œè¯·æ±‚ä¸åˆæ³•:%!s(<nil>),è¯·æ±‚çš„å‚æ•°å¤ªå°‘å•¦:{WordList:[]}
