2023-06-13 09:05:28 	[34mINFO[0m	common/init.go:73	start init mysql...
2023-06-13 09:05:29 	[34mINFO[0m	common/init.go:103	mysql connected
2023-06-13 09:05:29 	[34mINFO[0m	backend/main.go:50	listening8080
2023-06-13 09:08:25 	[34mINFO[0m	common/init.go:73	start init mysql...
2023-06-13 09:08:25 	[34mINFO[0m	common/init.go:103	mysql connected
2023-06-13 09:08:25 	[34mINFO[0m	backend/main.go:50	listening8080
2023-06-13 09:09:27 	[34mINFO[0m	utils/middleware.go:35	è¯·æ±‚æ¥å£çš„ç”¨æˆ·IDï¼š2
2023-06-13 09:19:07 	[34mINFO[0m	common/init.go:73	start init mysql...
2023-06-13 09:19:09 	[34mINFO[0m	common/init.go:103	mysql connected
2023-06-13 09:19:09 	[34mINFO[0m	backend/main.go:50	listening8080
2023-06-13 09:19:14 	[34mINFO[0m	utils/middleware.go:35	è¯·æ±‚æ¥å£çš„ç”¨æˆ·IDï¼š2
2023-06-13 09:29:18 	[34mINFO[0m	common/init.go:73	start init mysql...
2023-06-13 09:29:18 	[34mINFO[0m	common/init.go:103	mysql connected
2023-06-13 09:29:18 	[34mINFO[0m	backend/main.go:50	listening8080
2023-06-13 09:29:26 	[34mINFO[0m	utils/middleware.go:35	è¯·æ±‚æ¥å£çš„ç”¨æˆ·IDï¼š2
2023-06-13 09:33:02 	[34mINFO[0m	common/init.go:73	start init mysql...
2023-06-13 09:33:02 	[34mINFO[0m	common/init.go:103	mysql connected
2023-06-13 09:33:02 	[34mINFO[0m	backend/main.go:50	listening8080
2023-06-13 09:33:08 	[34mINFO[0m	utils/middleware.go:35	è¯·æ±‚æ¥å£çš„ç”¨æˆ·IDï¼š2
2023-06-13 09:44:09 	[34mINFO[0m	common/init.go:73	start init mysql...
2023-06-13 09:44:10 	[34mINFO[0m	common/init.go:103	mysql connected
2023-06-13 09:44:10 	[34mINFO[0m	backend/main.go:50	listening8080
2023-06-13 09:44:16 	[34mINFO[0m	utils/middleware.go:35	è¯·æ±‚æ¥å£çš„ç”¨æˆ·IDï¼š2
2023-06-13 09:45:58 	[34mINFO[0m	common/init.go:73	start init mysql...
2023-06-13 09:45:58 	[34mINFO[0m	common/init.go:103	mysql connected
2023-06-13 09:45:58 	[34mINFO[0m	backend/main.go:50	listening8080
2023-06-13 09:46:03 	[34mINFO[0m	utils/middleware.go:35	è¯·æ±‚æ¥å£çš„ç”¨æˆ·IDï¼š2
2023-06-13 09:46:55 	[34mINFO[0m	common/init.go:73	start init mysql...
2023-06-13 09:46:55 	[34mINFO[0m	common/init.go:103	mysql connected
2023-06-13 09:46:55 	[34mINFO[0m	backend/main.go:50	listening8080
2023-06-13 09:46:57 	[34mINFO[0m	utils/middleware.go:35	è¯·æ±‚æ¥å£çš„ç”¨æˆ·IDï¼š2
2023-06-13 09:48:50 	[34mINFO[0m	common/init.go:73	start init mysql...
2023-06-13 09:48:50 	[34mINFO[0m	common/init.go:103	mysql connected
2023-06-13 09:48:50 	[34mINFO[0m	backend/main.go:50	listening8080
2023-06-13 09:48:56 	[34mINFO[0m	utils/middleware.go:35	è¯·æ±‚æ¥å£çš„ç”¨æˆ·IDï¼š2
2023-06-13 09:49:02 	[34mINFO[0m	utils/middleware.go:35	è¯·æ±‚æ¥å£çš„ç”¨æˆ·IDï¼š2
2023-06-13 09:55:58 	[34mINFO[0m	common/init.go:73	start init mysql...
2023-06-13 09:55:59 	[34mINFO[0m	common/init.go:103	mysql connected
2023-06-13 09:55:59 	[34mINFO[0m	backend/main.go:50	listening8080
2023-06-13 09:56:11 	[34mINFO[0m	utils/middleware.go:35	è¯·æ±‚æ¥å£çš„ç”¨æˆ·IDï¼š2
2023-06-13 14:40:28 	[34mINFO[0m	common/init.go:73	start init mysql...
2023-06-13 14:40:28 	[34mINFO[0m	common/init.go:103	mysql connected
2023-06-13 14:40:28 	[34mINFO[0m	backend/main.go:52	listening8080
2023-06-13 14:42:14 	[34mINFO[0m	utils/middleware.go:35	è¯·æ±‚æ¥å£çš„ç”¨æˆ·IDï¼š2
2023-06-13 14:48:47 	[34mINFO[0m	common/init.go:73	start init mysql...
2023-06-13 14:48:48 	[34mINFO[0m	common/init.go:103	mysql connected
2023-06-13 14:48:48 	[34mINFO[0m	backend/main.go:52	listening8080
2023-06-13 14:48:52 	[34mINFO[0m	utils/middleware.go:35	è¯·æ±‚æ¥å£çš„ç”¨æˆ·IDï¼š2
2023-06-13 14:57:15 	[34mINFO[0m	common/init.go:73	start init mysql...
2023-06-13 14:57:15 	[34mINFO[0m	common/init.go:103	mysql connected
2023-06-13 14:57:16 	[34mINFO[0m	backend/main.go:52	listening8080
2023-06-13 14:57:19 	[34mINFO[0m	utils/middleware.go:35	è¯·æ±‚æ¥å£çš„ç”¨æˆ·IDï¼š2
2023-06-13 14:59:37 	[34mINFO[0m	common/init.go:73	start init mysql...
2023-06-13 14:59:38 	[34mINFO[0m	common/init.go:103	mysql connected
2023-06-13 14:59:38 	[34mINFO[0m	backend/main.go:52	listening8080
2023-06-13 14:59:42 	[34mINFO[0m	utils/middleware.go:35	è¯·æ±‚æ¥å£çš„ç”¨æˆ·IDï¼š2
2023-06-13 15:01:15 	[34mINFO[0m	utils/middleware.go:35	è¯·æ±‚æ¥å£çš„ç”¨æˆ·IDï¼š2
2023-06-13 15:03:54 	[34mINFO[0m	common/init.go:73	start init mysql...
2023-06-13 15:03:54 	[34mINFO[0m	common/init.go:103	mysql connected
2023-06-13 15:03:54 	[34mINFO[0m	backend/main.go:52	listening8080
2023-06-13 15:03:58 	[34mINFO[0m	utils/middleware.go:35	è¯·æ±‚æ¥å£çš„ç”¨æˆ·IDï¼š2
2023-06-13 15:06:20 	[34mINFO[0m	common/init.go:73	start init mysql...
2023-06-13 15:06:20 	[34mINFO[0m	common/init.go:103	mysql connected
2023-06-13 15:06:20 	[34mINFO[0m	backend/main.go:52	listening8080
2023-06-13 15:06:23 	[34mINFO[0m	utils/middleware.go:35	è¯·æ±‚æ¥å£çš„ç”¨æˆ·IDï¼š2
2023-06-13 15:06:46 	[34mINFO[0m	utils/middleware.go:35	è¯·æ±‚æ¥å£çš„ç”¨æˆ·IDï¼š2
2023-06-13 15:07:47 	[34mINFO[0m	utils/middleware.go:35	è¯·æ±‚æ¥å£çš„ç”¨æˆ·IDï¼š2
2023-06-13 15:08:51 	[34mINFO[0m	common/init.go:73	start init mysql...
2023-06-13 15:08:52 	[34mINFO[0m	common/init.go:103	mysql connected
2023-06-13 15:08:52 	[34mINFO[0m	backend/main.go:52	listening8080
2023-06-13 15:09:01 	[34mINFO[0m	utils/middleware.go:35	è¯·æ±‚æ¥å£çš„ç”¨æˆ·IDï¼š2
2023-06-13 15:11:35 	[34mINFO[0m	common/init.go:73	start init mysql...
2023-06-13 15:11:36 	[34mINFO[0m	common/init.go:103	mysql connected
2023-06-13 15:11:36 	[34mINFO[0m	backend/main.go:52	listening8080
2023-06-13 15:11:42 	[34mINFO[0m	utils/middleware.go:35	è¯·æ±‚æ¥å£çš„ç”¨æˆ·IDï¼š2
2023-06-13 15:18:05 	[34mINFO[0m	common/init.go:73	start init mysql...
2023-06-13 15:18:06 	[34mINFO[0m	common/init.go:103	mysql connected
2023-06-13 15:18:06 	[34mINFO[0m	backend/main.go:52	listening8080
2023-06-13 15:18:12 	[34mINFO[0m	utils/middleware.go:35	è¯·æ±‚æ¥å£çš„ç”¨æˆ·IDï¼š2
2023-06-13 15:20:13 	[34mINFO[0m	common/init.go:73	start init mysql...
2023-06-13 15:20:13 	[34mINFO[0m	common/init.go:103	mysql connected
2023-06-13 15:20:13 	[34mINFO[0m	backend/main.go:52	listening8080
2023-06-13 15:20:14 	[34mINFO[0m	utils/middleware.go:35	è¯·æ±‚æ¥å£çš„ç”¨æˆ·IDï¼š2
2023-06-13 15:21:44 	[34mINFO[0m	common/init.go:73	start init mysql...
2023-06-13 15:21:45 	[34mINFO[0m	common/init.go:103	mysql connected
2023-06-13 15:21:45 	[34mINFO[0m	backend/main.go:52	listening8080
2023-06-13 15:21:46 	[34mINFO[0m	utils/middleware.go:35	è¯·æ±‚æ¥å£çš„ç”¨æˆ·IDï¼š2
2023-06-13 15:27:34 	[34mINFO[0m	common/init.go:73	start init mysql...
2023-06-13 15:27:35 	[34mINFO[0m	common/init.go:103	mysql connected
2023-06-13 15:27:35 	[34mINFO[0m	backend/main.go:52	listening8080
2023-06-13 15:27:41 	[34mINFO[0m	utils/middleware.go:35	è¯·æ±‚æ¥å£çš„ç”¨æˆ·IDï¼š2
2023-06-13 15:29:29 	[34mINFO[0m	common/init.go:73	start init mysql...
2023-06-13 15:29:29 	[34mINFO[0m	common/init.go:103	mysql connected
2023-06-13 15:29:29 	[34mINFO[0m	backend/main.go:52	listening8080
2023-06-13 15:29:32 	[34mINFO[0m	utils/middleware.go:35	è¯·æ±‚æ¥å£çš„ç”¨æˆ·IDï¼š2
2023-06-13 15:32:55 	[34mINFO[0m	common/init.go:73	start init mysql...
2023-06-13 15:32:56 	[34mINFO[0m	common/init.go:103	mysql connected
2023-06-13 15:32:56 	[34mINFO[0m	backend/main.go:52	listening8080
2023-06-13 15:33:00 	[34mINFO[0m	utils/middleware.go:35	è¯·æ±‚æ¥å£çš„ç”¨æˆ·IDï¼š2
2023-06-13 15:33:47 	[34mINFO[0m	common/init.go:73	start init mysql...
2023-06-13 15:33:48 	[34mINFO[0m	common/init.go:103	mysql connected
2023-06-13 15:33:48 	[34mINFO[0m	backend/main.go:52	listening8080
2023-06-13 15:33:50 	[34mINFO[0m	utils/middleware.go:35	è¯·æ±‚æ¥å£çš„ç”¨æˆ·IDï¼š2
2023-06-13 15:37:16 	[34mINFO[0m	common/init.go:73	start init mysql...
2023-06-13 15:37:17 	[34mINFO[0m	common/init.go:103	mysql connected
2023-06-13 15:37:17 	[34mINFO[0m	backend/main.go:52	listening8080
2023-06-13 15:37:37 	[34mINFO[0m	utils/middleware.go:35	è¯·æ±‚æ¥å£çš„ç”¨æˆ·IDï¼š2
2023-06-13 15:46:46 	[34mINFO[0m	common/init.go:73	start init mysql...
2023-06-13 15:46:48 	[34mINFO[0m	common/init.go:103	mysql connected
2023-06-13 15:46:48 	[34mINFO[0m	backend/main.go:52	listening8080
2023-06-13 15:46:51 	[34mINFO[0m	utils/middleware.go:35	è¯·æ±‚æ¥å£çš„ç”¨æˆ·IDï¼š2
2023-06-13 15:48:05 	[34mINFO[0m	common/init.go:73	start init mysql...
2023-06-13 15:48:05 	[34mINFO[0m	common/init.go:103	mysql connected
2023-06-13 15:48:05 	[34mINFO[0m	backend/main.go:52	listening8080
2023-06-13 15:48:10 	[34mINFO[0m	utils/middleware.go:35	è¯·æ±‚æ¥å£çš„ç”¨æˆ·IDï¼š2
2023-06-13 15:57:06 	[34mINFO[0m	common/init.go:73	start init mysql...
2023-06-13 15:57:06 	[34mINFO[0m	common/init.go:103	mysql connected
2023-06-13 15:57:06 	[34mINFO[0m	backend/main.go:52	listening8080
2023-06-13 15:57:15 	[34mINFO[0m	utils/middleware.go:35	è¯·æ±‚æ¥å£çš„ç”¨æˆ·IDï¼š2
2023-06-13 15:57:39 	[34mINFO[0m	common/init.go:73	start init mysql...
2023-06-13 15:57:40 	[34mINFO[0m	common/init.go:103	mysql connected
2023-06-13 15:57:40 	[34mINFO[0m	backend/main.go:52	listening8080
2023-06-13 15:59:33 	[34mINFO[0m	utils/middleware.go:35	è¯·æ±‚æ¥å£çš„ç”¨æˆ·IDï¼š2
2023-06-13 16:00:48 	[34mINFO[0m	common/init.go:73	start init mysql...
2023-06-13 16:00:49 	[34mINFO[0m	common/init.go:103	mysql connected
2023-06-13 16:00:49 	[34mINFO[0m	backend/main.go:52	listening8080
2023-06-13 16:00:54 	[34mINFO[0m	utils/middleware.go:35	è¯·æ±‚æ¥å£çš„ç”¨æˆ·IDï¼š2
2023-06-13 16:33:07 	[34mINFO[0m	common/init.go:73	start init mysql...
2023-06-13 16:33:07 	[34mINFO[0m	common/init.go:103	mysql connected
2023-06-13 16:33:07 	[34mINFO[0m	backend/main.go:52	listening8080
2023-06-13 16:33:15 	[34mINFO[0m	utils/middleware.go:35	è¯·æ±‚æ¥å£çš„ç”¨æˆ·IDï¼š2
2023-06-13 16:38:01 	[34mINFO[0m	utils/middleware.go:35	è¯·æ±‚æ¥å£çš„ç”¨æˆ·IDï¼š2
2023-06-13 16:47:42 	[34mINFO[0m	common/init.go:73	start init mysql...
2023-06-13 16:47:42 	[34mINFO[0m	common/init.go:103	mysql connected
2023-06-13 16:47:42 	[34mINFO[0m	backend/main.go:52	listening8080
2023-06-13 16:47:45 	[34mINFO[0m	utils/middleware.go:35	è¯·æ±‚æ¥å£çš„ç”¨æˆ·IDï¼š2
2023-06-13 16:51:15 	[34mINFO[0m	utils/middleware.go:35	è¯·æ±‚æ¥å£çš„ç”¨æˆ·IDï¼š2
2023-06-13 16:56:52 	[34mINFO[0m	common/init.go:73	start init mysql...
2023-06-13 16:56:52 	[34mINFO[0m	common/init.go:103	mysql connected
2023-06-13 16:56:52 	[34mINFO[0m	backend/main.go:52	listening8080
2023-06-13 16:56:58 	[34mINFO[0m	utils/middleware.go:35	è¯·æ±‚æ¥å£çš„ç”¨æˆ·IDï¼š2
2023-06-13 16:57:28 	[34mINFO[0m	common/init.go:73	start init mysql...
2023-06-13 16:57:29 	[34mINFO[0m	common/init.go:103	mysql connected
2023-06-13 16:57:29 	[34mINFO[0m	backend/main.go:52	listening8080
2023-06-13 16:57:37 	[34mINFO[0m	utils/middleware.go:35	è¯·æ±‚æ¥å£çš„ç”¨æˆ·IDï¼š2
2023-06-13 16:58:02 	[34mINFO[0m	common/init.go:73	start init mysql...
2023-06-13 16:58:03 	[34mINFO[0m	common/init.go:103	mysql connected
2023-06-13 16:58:03 	[34mINFO[0m	backend/main.go:52	listening8080
2023-06-13 16:58:06 	[34mINFO[0m	utils/middleware.go:35	è¯·æ±‚æ¥å£çš„ç”¨æˆ·IDï¼š2
2023-06-13 20:19:21 	[34mINFO[0m	common/init.go:73	start init mysql...
2023-06-13 20:19:22 	[34mINFO[0m	common/init.go:103	mysql connected
2023-06-13 20:19:22 	[34mINFO[0m	backend/main.go:52	listening8080
2023-06-13 20:21:03 	[34mINFO[0m	utils/middleware.go:35	è¯·æ±‚æ¥å£çš„ç”¨æˆ·IDï¼š6
2023-06-13 20:21:08 	[34mINFO[0m	utils/middleware.go:35	è¯·æ±‚æ¥å£çš„ç”¨æˆ·IDï¼š6
2023-06-13 20:23:50 	[34mINFO[0m	utils/middleware.go:35	è¯·æ±‚æ¥å£çš„ç”¨æˆ·IDï¼š6
2023-06-13 20:23:56 	[34mINFO[0m	utils/middleware.go:35	è¯·æ±‚æ¥å£çš„ç”¨æˆ·IDï¼š6
2023-06-13 21:07:35 	[34mINFO[0m	common/init.go:73	start init mysql...
2023-06-13 21:07:36 	[34mINFO[0m	common/init.go:103	mysql connected
2023-06-13 21:07:36 	[34mINFO[0m	backend/main.go:53	listening8080
2023-06-13 21:11:39 	[34mINFO[0m	utils/middleware.go:35	è¯·æ±‚æ¥å£çš„ç”¨æˆ·IDï¼š2
2023-06-13 21:14:24 	[34mINFO[0m	utils/middleware.go:35	è¯·æ±‚æ¥å£çš„ç”¨æˆ·IDï¼š2
2023-06-13 21:17:50 	[34mINFO[0m	utils/middleware.go:35	è¯·æ±‚æ¥å£çš„ç”¨æˆ·IDï¼š2
2023-06-13 21:18:26 	[34mINFO[0m	utils/middleware.go:35	è¯·æ±‚æ¥å£çš„ç”¨æˆ·IDï¼š2
2023-06-13 21:19:55 	[34mINFO[0m	utils/middleware.go:35	è¯·æ±‚æ¥å£çš„ç”¨æˆ·IDï¼š2
2023-06-13 21:20:03 	[34mINFO[0m	utils/middleware.go:35	è¯·æ±‚æ¥å£çš„ç”¨æˆ·IDï¼š2
2023-06-13 21:25:54 	[34mINFO[0m	common/init.go:73	start init mysql...
2023-06-13 21:25:54 	[34mINFO[0m	common/init.go:103	mysql connected
2023-06-13 21:25:54 	[34mINFO[0m	backend/main.go:53	listening8080
2023-06-13 21:26:04 	[34mINFO[0m	utils/middleware.go:35	è¯·æ±‚æ¥å£çš„ç”¨æˆ·IDï¼š2
2023-06-13 21:34:56 	[34mINFO[0m	common/init.go:73	start init mysql...
2023-06-13 21:34:56 	[34mINFO[0m	common/init.go:103	mysql connected
2023-06-13 21:34:56 	[34mINFO[0m	backend/main.go:53	listening8080
2023-06-13 21:34:59 	[34mINFO[0m	utils/middleware.go:35	è¯·æ±‚æ¥å£çš„ç”¨æˆ·IDï¼š2
2023-06-13 21:36:35 	[34mINFO[0m	utils/middleware.go:35	è¯·æ±‚æ¥å£çš„ç”¨æˆ·IDï¼š2
2023-06-13 21:37:11 	[34mINFO[0m	utils/middleware.go:35	è¯·æ±‚æ¥å£çš„ç”¨æˆ·IDï¼š2
2023-06-13 21:40:38 	[34mINFO[0m	utils/middleware.go:35	è¯·æ±‚æ¥å£çš„ç”¨æˆ·IDï¼š2
2023-06-13 22:21:28 	[34mINFO[0m	common/init.go:73	start init mysql...
2023-06-13 22:21:30 	[34mINFO[0m	common/init.go:103	mysql connected
2023-06-13 22:21:30 	[34mINFO[0m	backend/main.go:53	listening8080
2023-06-13 22:22:18 	[34mINFO[0m	utils/middleware.go:35	è¯·æ±‚æ¥å£çš„ç”¨æˆ·IDï¼š2
2023-06-13 22:22:38 	[34mINFO[0m	utils/middleware.go:35	è¯·æ±‚æ¥å£çš„ç”¨æˆ·IDï¼š2
2023-06-13 22:23:18 	[34mINFO[0m	utils/middleware.go:35	è¯·æ±‚æ¥å£çš„ç”¨æˆ·IDï¼š2
2023-06-13 22:23:45 	[34mINFO[0m	utils/middleware.go:35	è¯·æ±‚æ¥å£çš„ç”¨æˆ·IDï¼š2
2023-06-14 10:22:24 	[34mINFO[0m	common/init.go:73	start init mysql...
2023-06-14 10:22:29 	[34mINFO[0m	common/init.go:103	mysql connected
2023-06-14 10:22:29 	[34mINFO[0m	backend/main.go:53	listening8080
2023-06-14 10:23:45 	[34mINFO[0m	utils/middleware.go:35	è¯·æ±‚æ¥å£çš„ç”¨æˆ·IDï¼š2
2023-06-14 10:32:20 	[34mINFO[0m	utils/middleware.go:35	è¯·æ±‚æ¥å£çš„ç”¨æˆ·IDï¼š2
2023-06-14 10:35:56 	[34mINFO[0m	utils/middleware.go:35	è¯·æ±‚æ¥å£çš„ç”¨æˆ·IDï¼š2
2023-06-14 10:36:51 	[34mINFO[0m	utils/middleware.go:35	è¯·æ±‚æ¥å£çš„ç”¨æˆ·IDï¼š2
2023-06-14 10:36:58 	[34mINFO[0m	utils/middleware.go:35	è¯·æ±‚æ¥å£çš„ç”¨æˆ·IDï¼š2
2023-06-14 10:38:30 	[34mINFO[0m	common/init.go:73	start init mysql...
2023-06-14 10:38:33 	[34mINFO[0m	common/init.go:103	mysql connected
2023-06-14 10:38:33 	[34mINFO[0m	backend/main.go:53	listening8080
2023-06-14 10:38:39 	[34mINFO[0m	common/init.go:73	start init mysql...
2023-06-14 10:38:41 	[34mINFO[0m	common/init.go:103	mysql connected
2023-06-14 10:38:41 	[34mINFO[0m	backend/main.go:53	listening8080
2023-06-14 10:39:15 	[34mINFO[0m	utils/middleware.go:35	è¯·æ±‚æ¥å£çš„ç”¨æˆ·IDï¼š2
2023-06-14 10:39:24 	[34mINFO[0m	utils/middleware.go:35	è¯·æ±‚æ¥å£çš„ç”¨æˆ·IDï¼š2
2023-06-14 11:22:47 	[34mINFO[0m	common/init.go:73	start init mysql...
2023-06-14 11:22:48 	[34mINFO[0m	common/init.go:103	mysql connected
2023-06-14 14:02:40 	[34mINFO[0m	common/init.go:73	start init mysql...
2023-06-14 14:02:41 	[34mINFO[0m	common/init.go:103	mysql connected
2023-06-14 14:02:41 	[34mINFO[0m	backend/main.go:56	listening8080
2023-06-14 14:21:31 	[34mINFO[0m	common/init.go:73	start init mysql...
2023-06-14 14:21:31 	[34mINFO[0m	common/init.go:103	mysql connected
2023-06-14 14:21:31 	[34mINFO[0m	backend/main.go:56	listening8080
2023-06-15 14:35:58 	[34mINFO[0m	common/init.go:73	start init mysql...
2023-06-15 14:35:58 	[34mINFO[0m	common/init.go:103	mysql connected
2023-06-15 14:35:58 	[34mINFO[0m	backend/main.go:56	listening8080
2023-06-15 14:37:48 	[34mINFO[0m	utils/middleware.go:35	è¯·æ±‚æ¥å£çš„ç”¨æˆ·IDï¼š2
2023-06-15 14:38:06 	[34mINFO[0m	utils/middleware.go:35	è¯·æ±‚æ¥å£çš„ç”¨æˆ·IDï¼š2
2023-06-15 14:39:21 	[34mINFO[0m	common/init.go:73	start init mysql...
2023-06-15 14:39:22 	[34mINFO[0m	common/init.go:103	mysql connected
2023-06-15 14:39:22 	[34mINFO[0m	backend/main.go:56	listening8080
2023-06-15 14:39:24 	[34mINFO[0m	utils/middleware.go:35	è¯·æ±‚æ¥å£çš„ç”¨æˆ·IDï¼š2
2023-06-15 14:39:57 	[34mINFO[0m	utils/middleware.go:35	è¯·æ±‚æ¥å£çš„ç”¨æˆ·IDï¼š2
2023-06-15 15:59:07 	[34mINFO[0m	common/init.go:73	start init mysql...
2023-06-15 15:59:08 	[34mINFO[0m	common/init.go:103	mysql connected
2023-06-15 15:59:08 	[34mINFO[0m	backend/main.go:56	listening8080
2023-06-15 16:04:08 	[34mINFO[0m	common/init.go:73	start init mysql...
2023-06-15 16:04:09 	[34mINFO[0m	common/init.go:103	mysql connected
2023-06-15 16:04:09 	[34mINFO[0m	backend/main.go:56	listening8080
2023-06-15 16:13:13 	[34mINFO[0m	common/init.go:73	start init mysql...
2023-06-15 16:13:14 	[34mINFO[0m	common/init.go:103	mysql connected
2023-06-15 16:13:14 	[34mINFO[0m	backend/main.go:56	listening8080
2023-06-15 16:13:39 	[34mINFO[0m	word/label.go:368	Directory created successfully!
2023-06-15 16:14:37 	[34mINFO[0m	common/init.go:73	start init mysql...
2023-06-15 16:14:38 	[34mINFO[0m	common/init.go:103	mysql connected
2023-06-15 16:14:38 	[34mINFO[0m	backend/main.go:56	listening8080
2023-06-15 16:16:44 	[34mINFO[0m	common/init.go:73	start init mysql...
2023-06-15 16:16:45 	[34mINFO[0m	common/init.go:103	mysql connected
2023-06-15 16:16:45 	[34mINFO[0m	backend/main.go:56	listening8080
2023-06-15 16:37:08 	[34mINFO[0m	common/init.go:73	start init mysql...
2023-06-15 16:37:08 	[34mINFO[0m	common/init.go:103	mysql connected
2023-06-15 16:37:08 	[34mINFO[0m	backend/main.go:56	listening8080
2023-06-15 16:38:37 	[34mINFO[0m	common/init.go:73	start init mysql...
2023-06-15 16:38:37 	[34mINFO[0m	common/init.go:103	mysql connected
2023-06-15 16:38:37 	[34mINFO[0m	backend/main.go:56	listening8080
2023-06-15 16:41:17 	[34mINFO[0m	common/init.go:73	start init mysql...
2023-06-15 16:41:18 	[34mINFO[0m	common/init.go:103	mysql connected
2023-06-15 16:41:18 	[34mINFO[0m	backend/main.go:56	listening8080
2023-06-15 16:42:48 	[34mINFO[0m	common/init.go:73	start init mysql...
2023-06-15 16:42:49 	[34mINFO[0m	common/init.go:103	mysql connected
2023-06-15 16:42:49 	[34mINFO[0m	backend/main.go:56	listening8080
2023-06-15 16:50:45 	[34mINFO[0m	common/init.go:73	start init mysql...
2023-06-15 16:50:46 	[34mINFO[0m	common/init.go:103	mysql connected
2023-06-15 16:50:46 	[34mINFO[0m	backend/main.go:56	listening8080
2023-06-15 17:01:19 	[34mINFO[0m	common/init.go:73	start init mysql...
2023-06-15 17:01:20 	[34mINFO[0m	common/init.go:103	mysql connected
2023-06-15 17:01:20 	[34mINFO[0m	backend/main.go:56	listening8080
2023-06-15 17:03:32 	[34mINFO[0m	common/init.go:73	start init mysql...
2023-06-15 17:03:32 	[34mINFO[0m	common/init.go:103	mysql connected
2023-06-15 17:03:33 	[34mINFO[0m	backend/main.go:56	listening8080
2023-06-15 17:13:28 	[34mINFO[0m	common/init.go:73	start init mysql...
2023-06-15 17:13:28 	[34mINFO[0m	common/init.go:103	mysql connected
2023-06-15 17:13:28 	[34mINFO[0m	backend/main.go:56	listening8080
2023-06-15 17:24:24 	[34mINFO[0m	common/init.go:73	start init mysql...
2023-06-15 17:24:25 	[34mINFO[0m	common/init.go:103	mysql connected
2023-06-15 17:24:25 	[34mINFO[0m	backend/main.go:56	listening8080
2023-06-15 17:27:03 	[34mINFO[0m	common/init.go:73	start init mysql...
2023-06-15 17:27:04 	[34mINFO[0m	common/init.go:103	mysql connected
2023-06-15 17:27:04 	[34mINFO[0m	backend/main.go:56	listening8080
2023-06-15 17:33:07 	[34mINFO[0m	common/init.go:73	start init mysql...
2023-06-15 17:33:07 	[34mINFO[0m	common/init.go:103	mysql connected
2023-06-15 17:33:07 	[34mINFO[0m	backend/main.go:56	listening8080
2023-06-15 17:37:37 	[34mINFO[0m	common/init.go:73	start init mysql...
2023-06-15 17:37:38 	[34mINFO[0m	common/init.go:103	mysql connected
2023-06-15 17:37:38 	[34mINFO[0m	backend/main.go:56	listening8080
